<?xml version="1.0" encoding="UTF-8"?>
<!-- Generated by org.testng.reporters.JUnitXMLReporter -->
<testsuite ignored="2" hostname="DESKTOP-82LK7MN" failures="0" tests="4" name="Test" time="28.031" errors="0" timestamp="2024-12-26T22:52:09 IST">
  <testcase classname="com.crm.testscript.LeadModule" name="createLead" time="5.374"/>
  <testcase classname="com.crm.testscript.LeadModule" name="deleteLead" time="9.544"/>
  <testcase classname="com.crm.testscript.CampaignModule" name="createCampaign" time="2.437"/>
  <testcase classname="com.crm.testscript.CampaignModule" name="deleteCampaign" time="3.502"/>
  <testcase classname="com.crm.generic.BaseClass" name="@BeforeTest openBrowser" time="0.0">
    <ignored/>
  </testcase> <!-- @BeforeTest openBrowser -->
  <testcase classname="com.crm.generic.BaseClass" name="@AfterTest closeBrowser" time="0.0">
    <ignored/>
  </testcase> <!-- @AfterTest closeBrowser -->
</testsuite> <!-- Test -->
